c:\src\sapera\examples\classes\grabconsole\jwongedit\debug64\vc120.pdb
c:\src\sapera\examples\classes\grabconsole\jwongedit\debug64\grabcpp.obj
c:\src\sapera\examples\classes\grabconsole\jwongedit\debug64\exampleutils.obj
c:\src\sapera\examples\classes\grabconsole\jwongedit\debug64\grabcpp.ilk
c:\src\sapera\examples\classes\grabconsole\jwongedit\debug64\grabcpp.exe
c:\src\sapera\examples\classes\grabconsole\jwongedit\debug64\grabcpp.exe.intermediate.manifest
c:\src\sapera\examples\classes\grabconsole\jwongedit\debug64\grabcpp.pdb
c:\src\sapera\examples\classes\grabconsole\jwongedit\debug64\grabcpp.exe.manifest
c:\src\sapera\examples\classes\grabconsole\jwongedit\debug64\grabcpp.res
c:\src\sapera\examples\classes\grabconsole\jwongedit\debug64\grabcpp.tlog\cl.command.1.tlog
c:\src\sapera\examples\classes\grabconsole\jwongedit\debug64\grabcpp.tlog\cl.read.1.tlog
c:\src\sapera\examples\classes\grabconsole\jwongedit\debug64\grabcpp.tlog\cl.write.1.tlog
c:\src\sapera\examples\classes\grabconsole\jwongedit\debug64\grabcpp.tlog\link.command.1.tlog
c:\src\sapera\examples\classes\grabconsole\jwongedit\debug64\grabcpp.tlog\link.read.1.tlog
c:\src\sapera\examples\classes\grabconsole\jwongedit\debug64\grabcpp.tlog\link.write.1.tlog
c:\src\sapera\examples\classes\grabconsole\jwongedit\debug64\grabcpp.tlog\mt.command.1.tlog
c:\src\sapera\examples\classes\grabconsole\jwongedit\debug64\grabcpp.tlog\mt.read.1.tlog
c:\src\sapera\examples\classes\grabconsole\jwongedit\debug64\grabcpp.tlog\mt.write.1.tlog
c:\src\sapera\examples\classes\grabconsole\jwongedit\debug64\grabcpp.tlog\rc.command.1.tlog
c:\src\sapera\examples\classes\grabconsole\jwongedit\debug64\grabcpp.tlog\rc.read.1.tlog
c:\src\sapera\examples\classes\grabconsole\jwongedit\debug64\grabcpp.tlog\rc.write.1.tlog
